<?xml version="1.0" encoding="UTF-8"?>
<!-- Generated by org.testng.reporters.JUnitReportReporter -->
<testsuite hostname="saishivani" failures="0" tests="1" name="org.TestNgfile.AdactinTestNgFile" time="2.965" errors="0" timestamp="2024-10-26T10:00:02 IST" skipped="0">
  <testcase classname="org.TestNgfile.AdactinTestNgFile" name="loginTest" time="2.965"/>
</testsuite> <!-- org.TestNgfile.AdactinTestNgFile -->
